<?xml version="1.0" encoding="UTF-8"?>
<testng-results ignored="0" total="1" passed="1" failed="0" skipped="0">
  <reporter-output>
  </reporter-output>
  <suite started-at="2025-07-06T13:02:53 IST" name="Default suite" finished-at="2025-07-06T13:03:01 IST" duration-ms="8649">
    <groups>
    </groups>
    <test started-at="2025-07-06T13:02:53 IST" name="Default test" finished-at="2025-07-06T13:03:01 IST" duration-ms="8649">
      <class name="tests.LoginTest">
        <test-method is-config="true" signature="setup()[pri:0, instance:tests.LoginTest@7c711375]" started-at="2025-07-06T13:02:53 IST" name="setup" finished-at="2025-07-06T13:02:55 IST" duration-ms="2594" status="PASS">
          <reporter-output>
          </reporter-output>
        </test-method> <!-- setup -->
        <test-method signature="openGoogle()[pri:0, instance:tests.LoginTest@7c711375]" started-at="2025-07-06T13:02:55 IST" name="openGoogle" finished-at="2025-07-06T13:03:01 IST" duration-ms="5152" status="PASS">
          <reporter-output>
          </reporter-output>
        </test-method> <!-- openGoogle -->
        <test-method is-config="true" signature="tearDown()[pri:0, instance:tests.LoginTest@7c711375]" started-at="2025-07-06T13:03:01 IST" name="tearDown" finished-at="2025-07-06T13:03:01 IST" duration-ms="854" status="PASS">
          <reporter-output>
          </reporter-output>
        </test-method> <!-- tearDown -->
      </class> <!-- tests.LoginTest -->
    </test> <!-- Default test -->
  </suite> <!-- Default suite -->
</testng-results>
