<?xml version="1.0" encoding="UTF-8"?>
<testng-results ignored="0" total="1" passed="1" failed="0" skipped="0">
  <reporter-output>
  </reporter-output>
  <suite started-at="2025-07-06T10:14:38 IST" name="Suite" finished-at="2025-07-06T10:14:53 IST" duration-ms="14410">
    <groups>
    </groups>
    <test started-at="2025-07-06T10:14:38 IST" name="Test" finished-at="2025-07-06T10:14:53 IST" duration-ms="14410">
      <class name="tests.GoogleSearchTest">
        <test-method is-config="true" signature="setUpReport()[pri:0, instance:tests.GoogleSearchTest@53ce1329]" started-at="2025-07-06T10:14:37 IST" name="setUpReport" finished-at="2025-07-06T10:14:38 IST" duration-ms="735" status="PASS">
          <reporter-output>
          </reporter-output>
        </test-method> <!-- setUpReport -->
        <test-method is-config="true" signature="setUp()[pri:0, instance:tests.GoogleSearchTest@53ce1329]" started-at="2025-07-06T10:14:38 IST" name="setUp" finished-at="2025-07-06T10:14:44 IST" duration-ms="5377" status="PASS">
          <reporter-output>
          </reporter-output>
        </test-method> <!-- setUp -->
        <test-method signature="searchTest()[pri:0, instance:tests.GoogleSearchTest@53ce1329]" started-at="2025-07-06T10:14:44 IST" name="searchTest" finished-at="2025-07-06T10:14:52 IST" duration-ms="8289" status="PASS">
          <reporter-output>
          </reporter-output>
        </test-method> <!-- searchTest -->
        <test-method is-config="true" signature="tearDown()[pri:0, instance:tests.GoogleSearchTest@53ce1329]" started-at="2025-07-06T10:14:52 IST" name="tearDown" finished-at="2025-07-06T10:14:53 IST" duration-ms="656" status="PASS">
          <reporter-output>
          </reporter-output>
        </test-method> <!-- tearDown -->
        <test-method is-config="true" signature="flushReport()[pri:0, instance:tests.GoogleSearchTest@53ce1329]" started-at="2025-07-06T10:14:53 IST" name="flushReport" finished-at="2025-07-06T10:14:53 IST" duration-ms="433" status="PASS">
          <reporter-output>
          </reporter-output>
        </test-method> <!-- flushReport -->
      </class> <!-- tests.GoogleSearchTest -->
    </test> <!-- Test -->
  </suite> <!-- Suite -->
</testng-results>
